<?xml version="1.0" encoding="UTF-8"?>
<!-- Generated by org.testng.reporters.JUnitXMLReporter -->
<testsuite hostname="LAPTOP-GB395NJQ" ignored="0" name="Test" tests="4" failures="0" timestamp="2021-03-02T01:14:14 IST" time="18.11" errors="0">
  <testcase name="basePageNavigation" time="3.8" classname="Academy.HomePage"/>
  <testcase name="basePageNavigation" time="1.664" classname="Academy.HomePage"/>
  <testcase name="basePageNavigation" time="0.056" classname="Academy.validateNavigationBar"/>
  <testcase name="basePageNavigation" time="0.03" classname="Academy.validateTitle"/>
</testsuite> <!-- Test -->
