<?xml version="1.0" encoding="UTF-8"?>
<testsuite xmlns:xsi="http://www.w3.org/2001/XMLSchema-instance" xsi:noNamespaceSchemaLocation="https://maven.apache.org/surefire/maven-surefire-plugin/xsd/surefire-test-report.xsd" name="TestSuite" time="13.417" tests="4" errors="0" skipped="0" failures="1">
  <properties>
[...]
</properties>
  <testcase name="validateAppTitle" classname="Academy.validateTitle" time="0.048">
    <failure message="expected [FEATURED CO123URSES] but found [FEATURED COURSES]" type="java.lang.AssertionError">java.lang.AssertionError: expected [FEATURED CO123URSES] but found [FEATURED COURSES]
	at Academy.validateTitle.validateAppTitle(validateTitle.java:32)
</failure>
    <system-err><![CDATA[Starting ChromeDriver 88.0.4324.96 (68dba2d8a0b149a1d3afac56fa74648032bcf46b-refs/branch-heads/4324@{#1784}) on port 29501
Only local cSotnanretcitnigo ChromeDrnivse ra r8e8. 0a.l4l3o24w.96e d(.68
dPba2lde8aas0eb 1s4e9ea1 d3haftac5t6pfsa74:64/8/c032bchf46b-rrefs/bormaench-hdeadsr/i4324@{v#1e784}) ron p.ortc 7h455r
Onloy mliuocalm. cononrgections ar/esec alluowrity-ed.conside
rPations for suggestions on lkeeping CheromeDriver safe.
ase see https://chromedriver.chromium.org/security-considerations for suggestions on keeping ChromeDriver safe.
ChromeDriver was started successfully.
ChromeDriver was started successfully.
Starting ChromeDriver 88.0.4324.96 (68dba2d8a0b149a1d3afac56fa74648032bcf46b-refs/branch-heads/4324@{#1784}) on port 4346
Only local connections are allowed.
Please see https://chromedriver.chromium.org/security-considerations for suggestions on keeping ChromeDriver safe.
ChromeDriver was started successfully.
Mar 03, 2021 12:31:59 AM org.openqa.selenium.remote.ProtocolHandshake createSession
INFO: Detected dialect: W3C
Mar 03, 2021 12:31:59 AM org.openqa.selenium.remote.ProtocolHandshake createSession
INFO: Detected dialect: W3C
Mar 03, 2021 12:31:59 AM org.openqa.selenium.remote.ProtocolHandshake createSession
INFO: Detected dialect: W3C
]]></system-err>
  </testcase>
  <testcase name="basePageNavigation" classname="Academy.validateNavigationBar" time="0.061"/>
  <testcase name="basePageNavigation" classname="Academy.HomePage" time="1.338"/>
  <testcase name="basePageNavigation" classname="Academy.HomePage" time="1.337"/>
</testsuite>